[2025-12-06 15:03:15] [INFO] ============================================================
[2025-12-06 15:03:15] [INFO] PREFLIGHT CHECK - LIVE LAUNCH SEQUENCE
[2025-12-06 15:03:15] [INFO] ============================================================
[2025-12-06 15:03:15] [INFO] 
[1/6] Running Go/No-Go gate check...
[2025-12-06 15:03:15] [INFO]    [PASS] All 5 gates passed
[2025-12-06 15:03:15] [INFO] 
[2/6] Checking Vault connectivity...
[2025-12-06 15:03:15] [INFO]    [PASS] VAULT_ADDR: https://vault.production.example.com
[2025-12-06 15:03:15] [INFO] 
[3/6] Checking container configuration...
[2025-12-06 15:03:15] [INFO]    [PASS] Dockerfile exists
[2025-12-06 15:03:15] [INFO] 
[4/6] Checking dependency lock file...
[2025-12-06 15:03:15] [INFO]    [PASS] requirements.lock has SHA256 hashes
[2025-12-06 15:03:15] [INFO] 
[5/6] Checking Kubernetes configuration...
[2025-12-06 15:03:15] [INFO]    [PASS] k8s/live.yaml exists
[2025-12-06 15:03:15] [INFO] 
[6/6] Checking emergency playbook...
[2025-12-06 15:03:15] [INFO]    [PASS] Emergency playbook exists
[2025-12-06 15:03:15] [INFO] 
============================================================
[2025-12-06 15:03:15] [INFO] PREFLIGHT CHECK: ALL PASSED
[2025-12-06 15:03:15] [INFO] System is CLEARED for live deployment
[2025-12-06 15:03:15] [INFO] ============================================================
